Intratime checker v0.0.2
Intratime checker v0.0.2
Intratime checker v0.0.2
Intratime checker v0.0.2
Intratime checker v0.0.2
Intratime checker v0.0.2
Intratime checker v0.0.2
Intratime checker v0.0.2
Intratime checker v0.0.2
Intratime checker v0.0.2
Intratime checker v0.0.2
Intratime checker v0.0.2
Intratime checker v0.0.2
Intratime checker v0.0.2
Intratime checker v0.0.2
Intratime checker v0.0.2
Intratime checker v0.0.2
Intratime checker v0.0.2
Intratime checker v0.0.2
Intratime checker v0.0.2
Intratime checker v0.0.2
Intratime checker v0.0.2
Date 2019-- is in an invalid format (not YYYY-MM-DD)
Intratime checker v0.0.2
Date 2019-7- is in an invalid format (not YYYY-MM-DD)
Intratime checker v0.0.2
Date 2019-7-11 is in an invalid format (not YYYY-MM-DD)
Intratime checker v0.0.2
Using 2019-07-11 as date
Using 08:52:34 as time
2019-07-11 08:52:34
Register created
Intratime checker v0.0.2
Using 2019-07-11 as date
Using 08:52:43 as time
2019-07-11 08:52:43
Register created
Intratime checker v0.0.2
Using 2019-07-11 as date
Using 14:01:53 as time
2019-07-11 14:01:53
Register created
Intratime checker v0.0.2
Using 2019-07-11 as date
Using 14:51:11 as time
2019-07-11 14:51:11
Register created
Intratime checker v0.0.2
Using 2019-07-11 as date
Using 18:05:34 as time
2019-07-11 18:05:34
Register created
Intratime checker v0.0.2
Using 2019-07-12 as date
Using 08:52:32 as time
2019-07-12 08:52:32
Register created
Intratime checker v0.0.2
Using 2019-07-12 as date
Using 14:05:22 as time
2019-07-12 14:05:22
Register created
Intratime checker v0.0.2
Using 2019-07-12 as date
Using 14:51:12 as time
2019-07-12 14:51:12
Register created
Intratime checker v0.0.2
Using 2019-07-12 as date
Using 18:03:45 as time
2019-07-12 18:03:45
Register created
Intratime checker v0.0.2
Using 2019-07-13 as date
Using 08:53:44 as time
2019-07-13 08:53:44
Register created
Intratime checker v0.0.2
Using 2019-07-13 as date
Using 14:01:54 as time
2019-07-13 14:01:54
Register created
Intratime checker v0.0.2
Using 2019-07-13 as date
Using 14:53:12 as time
2019-07-13 14:53:12
Register created
Intratime checker v0.0.2
Using 2019-07-13 as date
Using 18:03:35 as time
2019-07-13 18:03:35
Register created
Intratime checker v0.0.2
Using 2019-07-14 as date
Using 08:52:11 as time
2019-07-14 08:52:11
Register created
Intratime checker v0.0.2
Using 2019-07-14 as date
Using 14:03:53 as time
2019-07-14 14:03:53
Register created
Intratime checker v0.0.2
Using 2019-07-14 as date
Using 14:55:32 as time
2019-07-14 14:55:32
Register created
Intratime checker v0.0.2
Using 2019-07-14 as date
Using 18:05:22 as time
2019-07-14 18:05:22
Register created
Intratime checker v0.0.2
Using 2019-07-15 as date
Using 08:55:43 as time
2019-07-15 08:55:43
Register created
Intratime checker v0.0.2
Using 2019-07-15 as date
Using 14:01:52 as time
2019-07-15 14:01:52
Register created
Intratime checker v0.0.2
Using 2019-07-15 as date
Using 14:52:54 as time
2019-07-15 14:52:54
Register created
Intratime checker v0.0.2
Using 2019-07-15 as date
Using 18:05:25 as time
2019-07-15 18:05:25
Register created
Intratime checker v0.0.2
Using 2019-07-16 as date
Using 08:52:34 as time
2019-07-16 08:52:34
Register created
Intratime checker v0.0.2
Using 2019-07-16 as date
Using 14:04:21 as time
2019-07-16 14:04:21
Register created
Intratime checker v0.0.2
Using 2019-07-16 as date
Using 14:55:43 as time
2019-07-16 14:55:43
Register created
Intratime checker v0.0.2
Using 2019-07-16 as date
Using 18:05:15 as time
2019-07-16 18:05:15
Register created
Intratime checker v0.0.2
Using 2019-07-17 as date
Using 08:55:43 as time
2019-07-17 08:55:43
Register created
Intratime checker v0.0.2
Using 2019-07-17 as date
Using 14:01:41 as time
2019-07-17 14:01:41
Register created
Intratime checker v0.0.2
Using 2019-07-17 as date
Using 14:52:12 as time
2019-07-17 14:52:12
Register created
Intratime checker v0.0.2
Using 2019-07-17 as date
Using 18:05:22 as time
2019-07-17 18:05:22
Register created
Intratime checker v0.0.2
Using 2019-07-18 as date
Using 08:54:15 as time
2019-07-18 08:54:15
Register created
Intratime checker v0.0.2
Using 2019-07-18 as date
Using 14:02:55 as time
2019-07-18 14:02:55
Register created
Intratime checker v0.0.2
Using 2019-07-18 as date
Using 14:52:13 as time
2019-07-18 14:52:13
Register created
Intratime checker v0.0.2
Using 2019-07-18 as date
Using 18:03:41 as time
2019-07-18 18:03:41
Register created
Intratime checker v0.0.2
Using 2019-07-19 as date
Using 08:55:35 as time
2019-07-19 08:55:35
Register created
Intratime checker v0.0.2
Using 2019-07-19 as date
Using 14:05:15 as time
2019-07-19 14:05:15
Register created
Intratime checker v0.0.2
Using 2019-07-19 as date
Using 14:55:43 as time
2019-07-19 14:55:43
Register created
Intratime checker v0.0.2
Using 2019-07-19 as date
Using 18:04:52 as time
2019-07-19 18:04:52
Register created
Intratime checker v0.0.2
Using 2019-07-20 as date
Using 08:52:32 as time
2019-07-20 08:52:32
Register created
Intratime checker v0.0.2
Using 2019-07-20 as date
Using 14:01:52 as time
2019-07-20 14:01:52
Register created
Intratime checker v0.0.2
Using 2019-07-20 as date
Using 14:55:55 as time
2019-07-20 14:55:55
Register created
Intratime checker v0.0.2
Using 2019-07-20 as date
Using 18:03:43 as time
2019-07-20 18:03:43
Register created
Intratime checker v0.0.2
Using 2019-07-21 as date
Using 08:53:31 as time
2019-07-21 08:53:31
Register created
Intratime checker v0.0.2
Using 2019-07-21 as date
Using 14:04:13 as time
2019-07-21 14:04:13
Register created
Intratime checker v0.0.2
Using 2019-07-21 as date
Using 14:54:34 as time
2019-07-21 14:54:34
Register created
Intratime checker v0.0.2
Using 2019-07-21 as date
Using 18:03:34 as time
2019-07-21 18:03:34
Register created
Intratime checker v0.0.2
Using 2019-07-22 as date
Using 08:52:51 as time
2019-07-22 08:52:51
Register created
Intratime checker v0.0.2
Using 2019-07-22 as date
Using 14:01:33 as time
2019-07-22 14:01:33
Register created
Intratime checker v0.0.2
Using 2019-07-22 as date
Using 14:54:55 as time
2019-07-22 14:54:55
Register created
Intratime checker v0.0.2
Using 2019-07-22 as date
Using 18:02:41 as time
2019-07-22 18:02:41
Register created
Intratime checker v0.0.2
Using 2019-07-23 as date
Using 08:54:51 as time
2019-07-23 08:54:51
Register created
Intratime checker v0.0.2
Using 2019-07-23 as date
Using 14:01:24 as time
2019-07-23 14:01:24
Register created
Intratime checker v0.0.2
Using 2019-07-23 as date
Using 14:55:24 as time
2019-07-23 14:55:24
Register created
Intratime checker v0.0.2
Using 2019-07-23 as date
Using 18:04:24 as time
2019-07-23 18:04:24
Register created
Intratime checker v0.0.2
Using 2019-07-24 as date
Using 08:53:51 as time
2019-07-24 08:53:51
Register created
Intratime checker v0.0.2
Using 2019-07-24 as date
Using 14:01:51 as time
2019-07-24 14:01:51
Register created
Intratime checker v0.0.2
Using 2019-07-24 as date
Using 14:55:41 as time
2019-07-24 14:55:41
Register created
Intratime checker v0.0.2
Using 2019-07-24 as date
Using 18:01:42 as time
2019-07-24 18:01:42
Register created
Intratime checker v0.0.2
Using 2019-07-25 as date
Using 08:54:35 as time
2019-07-25 08:54:35
Register created
Intratime checker v0.0.2
Using 2019-07-25 as date
Using 14:05:52 as time
2019-07-25 14:05:52
Register created
Intratime checker v0.0.2
Using 2019-07-25 as date
Using 14:51:41 as time
2019-07-25 14:51:41
Register created
Intratime checker v0.0.2
Using 2019-07-25 as date
Using 18:03:45 as time
2019-07-25 18:03:45
Register created
Intratime checker v0.0.2
Using 2019-07-26 as date
Using 08:52:31 as time
2019-07-26 08:52:31
Register created
Intratime checker v0.0.2
Using 2019-07-26 as date
Using 14:05:41 as time
2019-07-26 14:05:41
Register created
Intratime checker v0.0.2
Using 2019-07-26 as date
Using 14:53:53 as time
2019-07-26 14:53:53
Register created
Intratime checker v0.0.2
Using 2019-07-26 as date
Using 18:05:44 as time
2019-07-26 18:05:44
Register created
Intratime checker v0.0.2
Using 2019-07-27 as date
Using 08:52:35 as time
Free day today
Intratime checker v0.0.2
Using 2019-07-27 as date
Using 14:02:25 as time
Free day today
Intratime checker v0.0.2
Using 2019-07-27 as date
Using 14:55:11 as time
Free day today
Intratime checker v0.0.2
Using 2019-07-27 as date
Using 18:01:52 as time
Free day today
Intratime checker v0.0.2
Using 2019-07-28 as date
Using 08:53:34 as time
Free day today
Intratime checker v0.0.2
Using 2019-07-28 as date
Using 14:04:32 as time
Free day today
Intratime checker v0.0.2
Using 2019-07-28 as date
Using 14:54:12 as time
Free day today
Intratime checker v0.0.2
Using 2019-07-28 as date
Using 18:05:41 as time
Free day today
Intratime checker v0.0.2
Using 2019-07-29 as date
Using 08:53:53 as time
2019-07-29 08:53:53
Register created
Intratime checker v0.0.2
Using 2019-07-29 as date
Using 14:01:31 as time
2019-07-29 14:01:31
Register created
Intratime checker v0.0.2
Using 2019-07-29 as date
Using 14:53:35 as time
2019-07-29 14:53:35
Register created
Intratime checker v0.0.2
Using 2019-07-29 as date
Using 18:03:53 as time
2019-07-29 18:03:53
Register created
Intratime checker v0.0.2
Using 2019-07-30 as date
Using 08:53:23 as time
2019-07-30 08:53:23
Register created
Intratime checker v0.0.2
Using 2019-07-30 as date
Using 14:02:51 as time
2019-07-30 14:02:51
Register created
Intratime checker v0.0.2
Using 2019-07-30 as date
Using 14:51:15 as time
2019-07-30 14:51:15
Register created
Intratime checker v0.0.2
Using 2019-07-30 as date
Using 18:01:45 as time
2019-07-30 18:01:45
Register created
Intratime checker v0.0.2
Using 2019-07-31 as date
Using 08:51:52 as time
2019-07-31 08:51:52
Register created
Intratime checker v0.0.2
Using 2019-07-31 as date
Using 14:01:43 as time
2019-07-31 14:01:43
Register created
Intratime checker v0.0.2
Using 2019-07-31 as date
Using 14:55:12 as time
2019-07-31 14:55:12
Register created
Intratime checker v0.0.2
Using 2019-07-31 as date
Using 18:01:35 as time
2019-07-31 18:01:35
Register created
Intratime checker v0.0.2
Date 2019-08-1 is in an invalid format (not YYYY-MM-DD)
Intratime checker v0.0.2
Date 2019-08-1 is in an invalid format (not YYYY-MM-DD)
Intratime checker v0.0.2
Date 2019-08-1 is in an invalid format (not YYYY-MM-DD)
Intratime checker v0.0.2
Date 2019-08-1 is in an invalid format (not YYYY-MM-DD)
Intratime checker v0.0.2
Date 2019-08-2 is in an invalid format (not YYYY-MM-DD)
Intratime checker v0.0.2
Date 2019-08-2 is in an invalid format (not YYYY-MM-DD)
Intratime checker v0.0.2
Date 2019-08-2 is in an invalid format (not YYYY-MM-DD)
Intratime checker v0.0.2
Date 2019-08-2 is in an invalid format (not YYYY-MM-DD)
Intratime checker v0.0.2
Date 2019-08-3 is in an invalid format (not YYYY-MM-DD)
Intratime checker v0.0.2
Date 2019-08-3 is in an invalid format (not YYYY-MM-DD)
Intratime checker v0.0.2
Date 2019-08-3 is in an invalid format (not YYYY-MM-DD)
Intratime checker v0.0.2
Date 2019-08-3 is in an invalid format (not YYYY-MM-DD)
Intratime checker v0.0.2
Date 2019-08-4 is in an invalid format (not YYYY-MM-DD)
Intratime checker v0.0.2
Date 2019-08-4 is in an invalid format (not YYYY-MM-DD)
Intratime checker v0.0.2
Date 2019-08-4 is in an invalid format (not YYYY-MM-DD)
Intratime checker v0.0.2
Date 2019-08-4 is in an invalid format (not YYYY-MM-DD)
Intratime checker v0.0.2
Date 2019-08-5 is in an invalid format (not YYYY-MM-DD)
Intratime checker v0.0.2
Date 2019-08-5 is in an invalid format (not YYYY-MM-DD)
Intratime checker v0.0.2
Date 2019-08-5 is in an invalid format (not YYYY-MM-DD)
Intratime checker v0.0.2
Date 2019-08-5 is in an invalid format (not YYYY-MM-DD)
Intratime checker v0.0.2
Date 2019-08-6 is in an invalid format (not YYYY-MM-DD)
Intratime checker v0.0.2
Date 2019-08-6 is in an invalid format (not YYYY-MM-DD)
Intratime checker v0.0.2
Date 2019-08-6 is in an invalid format (not YYYY-MM-DD)
Intratime checker v0.0.2
Date 2019-08-6 is in an invalid format (not YYYY-MM-DD)
Intratime checker v0.0.2
Date 2019-08-7 is in an invalid format (not YYYY-MM-DD)
Intratime checker v0.0.2
Date 2019-08-7 is in an invalid format (not YYYY-MM-DD)
Intratime checker v0.0.2
Date 2019-08-7 is in an invalid format (not YYYY-MM-DD)
Intratime checker v0.0.2
Date 2019-08-7 is in an invalid format (not YYYY-MM-DD)
Intratime checker v0.0.2
Date 2019-08-8 is in an invalid format (not YYYY-MM-DD)
Intratime checker v0.0.2
Date 2019-08-8 is in an invalid format (not YYYY-MM-DD)
Intratime checker v0.0.2
Date 2019-08-8 is in an invalid format (not YYYY-MM-DD)
Intratime checker v0.0.2
Date 2019-08-8 is in an invalid format (not YYYY-MM-DD)
Intratime checker v0.0.2
Date 2019-08-9 is in an invalid format (not YYYY-MM-DD)
Intratime checker v0.0.2
Date 2019-08-9 is in an invalid format (not YYYY-MM-DD)
Intratime checker v0.0.2
Date 2019-08-9 is in an invalid format (not YYYY-MM-DD)
Intratime checker v0.0.2
Date 2019-08-9 is in an invalid format (not YYYY-MM-DD)
Intratime checker v0.0.2
Using 2019-08-10 as date
Using 08:55:45 as time
Free day today
Intratime checker v0.0.2
Using 2019-08-10 as date
Using 14:02:34 as time
Free day today
Intratime checker v0.0.2
Using 2019-08-10 as date
Using 14:53:51 as time
Free day today
Intratime checker v0.0.2
Using 2019-08-10 as date
Using 18:02:13 as time
Free day today
Intratime checker v0.0.2
Using 2019-08-11 as date
Using 08:53:33 as time
Free day today
Intratime checker v0.0.2
Using 2019-08-11 as date
Using 14:05:55 as time
Free day today
Intratime checker v0.0.2
Using 2019-08-11 as date
Using 14:55:22 as time
Free day today
Intratime checker v0.0.2
Using 2019-08-11 as date
Using 18:03:44 as time
Free day today
Intratime checker v0.0.2
Using 2019-08-12 as date
Using 08:55:42 as time
2019-08-12 08:55:42
Register created
Intratime checker v0.0.2
Using 2019-08-12 as date
Using 14:03:55 as time
2019-08-12 14:03:55
Register created
Intratime checker v0.0.2
Using 2019-08-12 as date
Using 14:51:13 as time
2019-08-12 14:51:13
Register created
Intratime checker v0.0.2
Using 2019-08-12 as date
Using 18:02:41 as time
2019-08-12 18:02:41
Register created
Intratime checker v0.0.2
Using 2019-08-13 as date
Using 08:53:31 as time
2019-08-13 08:53:31
Register created
Intratime checker v0.0.2
Using 2019-08-13 as date
Using 14:03:12 as time
2019-08-13 14:03:12
Register created
Intratime checker v0.0.2
Using 2019-08-13 as date
Using 14:51:11 as time
2019-08-13 14:51:11
Register created
Intratime checker v0.0.2
Using 2019-08-13 as date
Using 18:03:21 as time
2019-08-13 18:03:21
Register created
Intratime checker v0.0.2
Using 2019-08-14 as date
Using 08:51:35 as time
2019-08-14 08:51:35
Register created
Intratime checker v0.0.2
Using 2019-08-14 as date
Using 14:01:45 as time
2019-08-14 14:01:45
Register created
Intratime checker v0.0.2
Using 2019-08-14 as date
Using 14:51:43 as time
2019-08-14 14:51:43
Register created
Intratime checker v0.0.2
Using 2019-08-14 as date
Using 18:05:53 as time
2019-08-14 18:05:53
Register created
Intratime checker v0.0.2
Using 2019-08-15 as date
Using 08:54:51 as time
2019-08-15 08:54:51
Register created
Intratime checker v0.0.2
Using 2019-08-15 as date
Using 14:02:24 as time
2019-08-15 14:02:24
Register created
Intratime checker v0.0.2
Using 2019-08-15 as date
Using 14:54:51 as time
2019-08-15 14:54:51
Register created
Intratime checker v0.0.2
Using 2019-08-15 as date
Using 18:04:41 as time
2019-08-15 18:04:41
Register created
Intratime checker v0.0.2
Using 2019-08-16 as date
Using 08:54:44 as time
2019-08-16 08:54:44
Register created
Intratime checker v0.0.2
Using 2019-08-16 as date
Using 14:03:35 as time
2019-08-16 14:03:35
Register created
Intratime checker v0.0.2
Using 2019-08-16 as date
Using 14:53:21 as time
2019-08-16 14:53:21
Register created
Intratime checker v0.0.2
Using 2019-08-16 as date
Using 18:04:21 as time
2019-08-16 18:04:21
Register created
Intratime checker v0.0.2
Using 2019-08-17 as date
Using 08:52:34 as time
Free day today
Intratime checker v0.0.2
Using 2019-08-17 as date
Using 14:03:11 as time
Free day today
Intratime checker v0.0.2
Using 2019-08-17 as date
Using 14:55:42 as time
Free day today
Intratime checker v0.0.2
Using 2019-08-17 as date
Using 18:02:23 as time
Free day today
Intratime checker v0.0.2
Using 2019-08-18 as date
Using 08:53:53 as time
Free day today
Intratime checker v0.0.2
Using 2019-08-18 as date
Using 14:05:12 as time
Free day today
Intratime checker v0.0.2
Using 2019-08-18 as date
Using 14:53:24 as time
Free day today
Intratime checker v0.0.2
Using 2019-08-18 as date
Using 18:05:24 as time
Free day today
Intratime checker v0.0.2
Using 2019-08-19 as date
Using 08:52:21 as time
2019-08-19 08:52:21
Register created
Intratime checker v0.0.2
Using 2019-08-19 as date
Using 14:02:13 as time
2019-08-19 14:02:13
Register created
Intratime checker v0.0.2
Using 2019-08-19 as date
Using 14:53:13 as time
2019-08-19 14:53:13
Register created
Intratime checker v0.0.2
Using 2019-08-19 as date
Using 18:05:25 as time
2019-08-19 18:05:25
Register created
Intratime checker v0.0.2
Using 2019-08-20 as date
Using 08:52:53 as time
2019-08-20 08:52:53
Register created
Intratime checker v0.0.2
Using 2019-08-20 as date
Using 14:01:52 as time
2019-08-20 14:01:52
Register created
Intratime checker v0.0.2
Using 2019-08-20 as date
Using 14:53:32 as time
2019-08-20 14:53:32
Register created
Intratime checker v0.0.2
Using 2019-08-20 as date
Using 18:02:35 as time
2019-08-20 18:02:35
Register created
Intratime checker v0.0.2
Using 2019-08-21 as date
Using 08:52:41 as time
2019-08-21 08:52:41
Register created
Intratime checker v0.0.2
Using 2019-08-21 as date
Using 14:04:33 as time
2019-08-21 14:04:33
Register created
Intratime checker v0.0.2
Using 2019-08-21 as date
Using 14:53:21 as time
2019-08-21 14:53:21
Register created
Intratime checker v0.0.2
Using 2019-08-21 as date
Using 18:02:11 as time
2019-08-21 18:02:11
Register created
Intratime checker v0.0.2
Using 2019-08-22 as date
Using 08:52:35 as time
2019-08-22 08:52:35
Register created
Intratime checker v0.0.2
Using 2019-08-22 as date
Using 14:04:45 as time
2019-08-22 14:04:45
Register created
Intratime checker v0.0.2
Using 2019-08-22 as date
Using 14:55:13 as time
2019-08-22 14:55:13
Register created
Intratime checker v0.0.2
Using 2019-08-22 as date
Using 18:01:23 as time
2019-08-22 18:01:23
Register created
Intratime checker v0.0.2
Using 2019-08-23 as date
Using 08:51:31 as time
2019-08-23 08:51:31
Register created
Intratime checker v0.0.2
Using 2019-08-23 as date
Using 14:04:33 as time
2019-08-23 14:04:33
Register created
Intratime checker v0.0.2
Using 2019-08-23 as date
Using 14:55:42 as time
2019-08-23 14:55:42
Register created
Intratime checker v0.0.2
Using 2019-08-23 as date
Using 18:01:54 as time
2019-08-23 18:01:54
Register created
Intratime checker v0.0.2
Using 2019-08-24 as date
Using 08:53:53 as time
Free day today
Intratime checker v0.0.2
Using 2019-08-24 as date
Using 14:03:13 as time
Free day today
Intratime checker v0.0.2
Using 2019-08-24 as date
Using 14:54:42 as time
Free day today
Intratime checker v0.0.2
Using 2019-08-24 as date
Using 18:01:54 as time
Free day today
Intratime checker v0.0.2
Using 2019-08-25 as date
Using 08:51:23 as time
Free day today
Intratime checker v0.0.2
Using 2019-08-25 as date
Using 14:02:14 as time
Free day today
Intratime checker v0.0.2
Using 2019-08-25 as date
Using 14:54:15 as time
Free day today
Intratime checker v0.0.2
Using 2019-08-25 as date
Using 18:01:25 as time
Free day today
Intratime checker v0.0.2
Using 2019-08-26 as date
Using 08:51:11 as time
2019-08-26 08:51:11
Register created
Intratime checker v0.0.2
Using 2019-08-26 as date
Using 14:04:32 as time
2019-08-26 14:04:32
Register created
Intratime checker v0.0.2
Using 2019-08-26 as date
Using 14:53:51 as time
2019-08-26 14:53:51
Register created
Intratime checker v0.0.2
Using 2019-08-26 as date
Using 18:03:31 as time
2019-08-26 18:03:31
Register created
Intratime checker v0.0.2
Using 2019-08-27 as date
Using 08:54:42 as time
2019-08-27 08:54:42
Register created
Intratime checker v0.0.2
Using 2019-08-27 as date
Using 14:01:35 as time
2019-08-27 14:01:35
Register created
Intratime checker v0.0.2
Using 2019-08-27 as date
Using 14:52:33 as time
2019-08-27 14:52:33
Register created
Intratime checker v0.0.2
Using 2019-08-27 as date
Using 18:02:54 as time
2019-08-27 18:02:54
Register created
Intratime checker v0.0.2
Using 2019-08-28 as date
Using 08:53:15 as time
2019-08-28 08:53:15
Register created
Intratime checker v0.0.2
Using 2019-08-28 as date
Using 14:01:24 as time
2019-08-28 14:01:24
Register created
Intratime checker v0.0.2
Using 2019-08-28 as date
Using 14:55:15 as time
2019-08-28 14:55:15
Register created
Intratime checker v0.0.2
Using 2019-08-28 as date
Using 18:01:15 as time
2019-08-28 18:01:15
Register created
Intratime checker v0.0.2
Using 2019-08-29 as date
Using 08:51:32 as time
2019-08-29 08:51:32
Register created
Intratime checker v0.0.2
Using 2019-08-29 as date
Using 14:05:41 as time
2019-08-29 14:05:41
Register created
Intratime checker v0.0.2
Using 2019-08-29 as date
Using 14:54:22 as time
2019-08-29 14:54:22
Register created
Intratime checker v0.0.2
Using 2019-08-29 as date
Using 18:01:41 as time
2019-08-29 18:01:41
Register created
Intratime checker v0.0.2
Using 2019-08-30 as date
Using 08:55:53 as time
2019-08-30 08:55:53
Register created
Intratime checker v0.0.2
Using 2019-08-30 as date
Using 14:02:54 as time
2019-08-30 14:02:54
Register created
Intratime checker v0.0.2
Using 2019-08-30 as date
Using 14:51:11 as time
2019-08-30 14:51:11
Register created
Intratime checker v0.0.2
Using 2019-08-30 as date
Using 18:01:44 as time
2019-08-30 18:01:44
Register created
Intratime checker v0.0.2
Date 2019-09-1 is in an invalid format (not YYYY-MM-DD)
Intratime checker v0.0.2
Date 2019-09-1 is in an invalid format (not YYYY-MM-DD)
Intratime checker v0.0.2
Date 2019-09-1 is in an invalid format (not YYYY-MM-DD)
Intratime checker v0.0.2
Date 2019-09-1 is in an invalid format (not YYYY-MM-DD)
Intratime checker v0.0.2
Date 2019-09-2 is in an invalid format (not YYYY-MM-DD)
Intratime checker v0.0.2
Date 2019-09-2 is in an invalid format (not YYYY-MM-DD)
Intratime checker v0.0.2
Date 2019-09-2 is in an invalid format (not YYYY-MM-DD)
Intratime checker v0.0.2
Date 2019-09-2 is in an invalid format (not YYYY-MM-DD)
Intratime checker v0.0.2
Date 2019-09-3 is in an invalid format (not YYYY-MM-DD)
Intratime checker v0.0.2
Date 2019-09-3 is in an invalid format (not YYYY-MM-DD)
Intratime checker v0.0.2
Date 2019-09-3 is in an invalid format (not YYYY-MM-DD)
Intratime checker v0.0.2
Date 2019-09-3 is in an invalid format (not YYYY-MM-DD)
Intratime checker v0.0.2
Date 2019-09-4 is in an invalid format (not YYYY-MM-DD)
Intratime checker v0.0.2
Date 2019-09-4 is in an invalid format (not YYYY-MM-DD)
Intratime checker v0.0.2
Date 2019-09-4 is in an invalid format (not YYYY-MM-DD)
Intratime checker v0.0.2
Date 2019-09-4 is in an invalid format (not YYYY-MM-DD)
Intratime checker v0.0.2
Date 2019-09-5 is in an invalid format (not YYYY-MM-DD)
Intratime checker v0.0.2
Date 2019-09-5 is in an invalid format (not YYYY-MM-DD)
Intratime checker v0.0.2
Date 2019-09-5 is in an invalid format (not YYYY-MM-DD)
Intratime checker v0.0.2
Date 2019-09-5 is in an invalid format (not YYYY-MM-DD)
Intratime checker v0.0.2
Date 2019-09-6 is in an invalid format (not YYYY-MM-DD)
Intratime checker v0.0.2
Date 2019-09-6 is in an invalid format (not YYYY-MM-DD)
Intratime checker v0.0.2
Date 2019-09-6 is in an invalid format (not YYYY-MM-DD)
Intratime checker v0.0.2
Date 2019-09-6 is in an invalid format (not YYYY-MM-DD)
Intratime checker v0.0.2
Date 2019-09-7 is in an invalid format (not YYYY-MM-DD)
Intratime checker v0.0.2
Date 2019-09-7 is in an invalid format (not YYYY-MM-DD)
Intratime checker v0.0.2
Date 2019-09-7 is in an invalid format (not YYYY-MM-DD)
Intratime checker v0.0.2
Date 2019-09-7 is in an invalid format (not YYYY-MM-DD)
Intratime checker v0.0.2
Date 2019-09-8 is in an invalid format (not YYYY-MM-DD)
Intratime checker v0.0.2
Date 2019-09-8 is in an invalid format (not YYYY-MM-DD)
Intratime checker v0.0.2
Date 2019-09-8 is in an invalid format (not YYYY-MM-DD)
Intratime checker v0.0.2
Date 2019-09-8 is in an invalid format (not YYYY-MM-DD)
Intratime checker v0.0.2
Date 2019-09-9 is in an invalid format (not YYYY-MM-DD)
Intratime checker v0.0.2
Date 2019-09-9 is in an invalid format (not YYYY-MM-DD)
Intratime checker v0.0.2
Date 2019-09-9 is in an invalid format (not YYYY-MM-DD)
Intratime checker v0.0.2
Date 2019-09-9 is in an invalid format (not YYYY-MM-DD)
Intratime checker v0.0.2
Using 2019-09-10 as date
Using 08:51:44 as time
2019-09-10 08:51:44
Register created
Intratime checker v0.0.2
Using 2019-09-10 as date
Using 14:04:22 as time
2019-09-10 14:04:22
Register created
Intratime checker v0.0.2
Using 2019-09-10 as date
Using 14:55:14 as time
2019-09-10 14:55:14
Register created
Intratime checker v0.0.2
Using 2019-09-10 as date
Using 18:05:35 as time
2019-09-10 18:05:35
Register created
Intratime checker v0.0.2
Using 2019-09-11 as date
Using 08:52:22 as time
2019-09-11 08:52:22
Register created
Intratime checker v0.0.2
Using 2019-09-11 as date
Using 14:03:43 as time
2019-09-11 14:03:43
Register created
Intratime checker v0.0.2
Using 2019-09-11 as date
Using 14:54:41 as time
2019-09-11 14:54:41
Register created
Intratime checker v0.0.2
Using 2019-09-11 as date
Using 18:01:32 as time
2019-09-11 18:01:32
Register created
Intratime checker v0.0.2
Using 2019-09-12 as date
Using 08:53:53 as time
2019-09-12 08:53:53
Register created
Intratime checker v0.0.2
Using 2019-09-12 as date
Using 14:02:23 as time
2019-09-12 14:02:23
Register created
Intratime checker v0.0.2
Using 2019-09-12 as date
Using 14:54:24 as time
2019-09-12 14:54:24
Register created
Intratime checker v0.0.2
Using 2019-09-12 as date
Using 18:01:51 as time
2019-09-12 18:01:51
Register created
Intratime checker v0.0.2
Using 2019-09-13 as date
Using 08:55:22 as time
2019-09-13 08:55:22
Register created
Intratime checker v0.0.2
Using 2019-09-13 as date
Using 14:01:54 as time
2019-09-13 14:01:54
Register created
Intratime checker v0.0.2
Using 2019-09-13 as date
Using 14:53:23 as time
2019-09-13 14:53:23
Register created
Intratime checker v0.0.2
Using 2019-09-13 as date
Using 18:04:22 as time
2019-09-13 18:04:22
Register created
Intratime checker v0.0.2
Using 2019-09-14 as date
Using 08:52:31 as time
Free day today
Intratime checker v0.0.2
Using 2019-09-14 as date
Using 14:04:11 as time
Free day today
Intratime checker v0.0.2
Using 2019-09-14 as date
Using 14:51:25 as time
Free day today
Intratime checker v0.0.2
Using 2019-09-14 as date
Using 18:01:44 as time
Free day today
Intratime checker v0.0.2
Using 2019-09-15 as date
Using 08:53:15 as time
Free day today
Intratime checker v0.0.2
Using 2019-09-15 as date
Using 14:01:31 as time
Free day today
Intratime checker v0.0.2
Using 2019-09-15 as date
Using 14:53:35 as time
Free day today
Intratime checker v0.0.2
Using 2019-09-15 as date
Using 18:03:13 as time
Free day today
Intratime checker v0.0.2
Using 2019-09-16 as date
Using 08:55:53 as time
2019-09-16 08:55:53
Register created
Intratime checker v0.0.2
Using 2019-09-16 as date
Using 14:02:34 as time
2019-09-16 14:02:34
Register created
Intratime checker v0.0.2
Using 2019-09-16 as date
Using 14:51:54 as time
2019-09-16 14:51:54
Register created
Intratime checker v0.0.2
Using 2019-09-16 as date
Using 18:05:14 as time
2019-09-16 18:05:14
Register created
Intratime checker v0.0.2
Using 2019-09-17 as date
Using 08:51:51 as time
2019-09-17 08:51:51
Register created
Intratime checker v0.0.2
Using 2019-09-17 as date
Using 14:02:43 as time
2019-09-17 14:02:43
Register created
Intratime checker v0.0.2
Using 2019-09-17 as date
Using 14:53:44 as time
2019-09-17 14:53:44
Register created
Intratime checker v0.0.2
Using 2019-09-17 as date
Using 18:02:22 as time
2019-09-17 18:02:22
Register created
Intratime checker v0.0.2
Using 2019-09-18 as date
Using 08:52:13 as time
2019-09-18 08:52:13
Register created
Intratime checker v0.0.2
Using 2019-09-18 as date
Using 14:02:44 as time
2019-09-18 14:02:44
Register created
Intratime checker v0.0.2
Using 2019-09-18 as date
Using 14:55:33 as time
2019-09-18 14:55:33
Register created
Intratime checker v0.0.2
Using 2019-09-18 as date
Using 18:05:31 as time
2019-09-18 18:05:31
Register created
Intratime checker v0.0.2
Using 2019-07-30 as date
Using 08:55:23 as time
2019-07-30 08:55:23
Register created
Intratime checker v0.0.2
Using 2019-07-30 as date
Using 14:03:13 as time
2019-07-30 14:03:13
Register created
Intratime checker v0.0.2
Using 2019-07-30 as date
Using 14:52:22 as time
2019-07-30 14:52:22
Register created
Intratime checker v0.0.2
Using 2019-07-30 as date
Using 18:03:44 as time
2019-07-30 18:03:44
Register created
Intratime checker v0.0.2
Using 2019-07-31 as date
Using 08:55:21 as time
2019-07-31 08:55:21
Register created
Intratime checker v0.0.2
Using 2019-07-31 as date
Using 14:05:12 as time
2019-07-31 14:05:12
Register created
Intratime checker v0.0.2
Using 2019-07-31 as date
Using 14:55:33 as time
2019-07-31 14:55:33
Register created
Intratime checker v0.0.2
Using 2019-07-31 as date
Using 18:03:23 as time
2019-07-31 18:03:23
Register created
